<?xml version="1.0" encoding="UTF-8"?>
<testsuite xmlns:xsi="http://www.w3.org/2001/XMLSchema-instance" xsi:schemaLocation="https://maven.apache.org/surefire/maven-surefire-plugin/xsd/surefire-test-report.xsd" name="TestSuite" time="235.019" tests="4" errors="0" skipped="0" failures="1">
  <properties>
    <property name="java.runtime.name" value="Java(TM) SE Runtime Environment"/>
    <property name="java.vm.version" value="11.0.13+10-LTS-370"/>
    <property name="sun.boot.library.path" value="C:\Program Files\java\jdk-11.0.13\bin"/>
    <property name="maven.multiModuleProjectDirectory" value="C:/Users/91988/eclipse-workspace/demo"/>
    <property name="java.vm.vendor" value="Oracle Corporation"/>
    <property name="java.vendor.url" value="https://openjdk.java.net/"/>
    <property name="guice.disable.misplaced.annotation.check" value="true"/>
    <property name="path.separator" value=";"/>
    <property name="java.vm.name" value="Java HotSpot(TM) 64-Bit Server VM"/>
    <property name="sun.os.patch.level" value=""/>
    <property name="user.script" value=""/>
    <property name="user.country" value="IN"/>
    <property name="sun.java.launcher" value="SUN_STANDARD"/>
    <property name="java.vm.specification.name" value="Java Virtual Machine Specification"/>
    <property name="user.dir" value="C:\Users\91988\eclipse-workspace\demo"/>
    <property name="java.vm.compressedOopsMode" value="32-bit"/>
    <property name="java.runtime.version" value="11.0.13+10-LTS-370"/>
    <property name="java.awt.graphicsenv" value="sun.awt.Win32GraphicsEnvironment"/>
    <property name="os.arch" value="amd64"/>
    <property name="java.io.tmpdir" value="C:\Users\91988\AppData\Local\Temp\"/>
    <property name="line.separator" value="&#10;"/>
    <property name="java.vm.specification.vendor" value="Oracle Corporation"/>
    <property name="user.variant" value=""/>
    <property name="os.name" value="Windows 10"/>
    <property name="classworlds.conf" value="C:/Program Files/apache-maven-3.8.4/bin/m2.conf"/>
    <property name="sun.jnu.encoding" value="Cp1252"/>
    <property name="java.library.path" value="C:\Program Files\java\jdk-11.0.13\bin;C:\Windows\Sun\Java\bin;C:\Windows\system32;C:\Windows;C:\Users\91988\bin;C:\Program Files\Git\mingw64\bin;C:\Program Files\Git\usr\local\bin;C:\Program Files\Git\usr\bin;C:\Program Files\Git\usr\bin;C:\Program Files\Git\mingw64\bin;C:\Program Files\Git\usr\bin;C:\Users\91988\bin;C:\Windows\system32;C:\Windows;C:\Windows\System32\Wbem;C:\Windows\System32\WindowsPowerShell\v1.0;C:\Windows\System32\OpenSSH;C:\Program Files\java\jdk-11.0.13\bin;C:\Program Files\Git\cmd;C:\Program Files\apache-maven-3.8.4\bin;C:\Users\91988\AppData\Local\Microsoft\WindowsApps;C:\Program Files (x86)\Sophos\Sophos SSL VPN Client\bin;C:\Program Files\Git\usr\bin\vendor_perl;C:\Program Files\Git\usr\bin\core_perl;."/>
    <property name="maven.conf" value="C:/Program Files/apache-maven-3.8.4/conf"/>
    <property name="jdk.debug" value="release"/>
    <property name="java.class.version" value="55.0"/>
    <property name="java.specification.name" value="Java Platform API Specification"/>
    <property name="sun.management.compiler" value="HotSpot 64-Bit Tiered Compilers"/>
    <property name="os.version" value="10.0"/>
    <property name="library.jansi.path" value="C:/Program Files/apache-maven-3.8.4/lib/jansi-native"/>
    <property name="user.home" value="C:\Users\91988"/>
    <property name="user.timezone" value="Asia/Calcutta"/>
    <property name="java.awt.printerjob" value="sun.awt.windows.WPrinterJob"/>
    <property name="file.encoding" value="Cp1252"/>
    <property name="java.specification.version" value="11"/>
    <property name="user.name" value="91988"/>
    <property name="java.class.path" value="C:/Program Files/apache-maven-3.8.4/boot/plexus-classworlds-2.6.0.jar"/>
    <property name="java.vm.specification.version" value="11"/>
    <property name="sun.arch.data.model" value="64"/>
    <property name="sun.java.command" value="org.codehaus.plexus.classworlds.launcher.Launcher test"/>
    <property name="java.home" value="C:\Program Files\java\jdk-11.0.13"/>
    <property name="user.language" value="en"/>
    <property name="java.specification.vendor" value="Oracle Corporation"/>
    <property name="awt.toolkit" value="sun.awt.windows.WToolkit"/>
    <property name="java.vm.info" value="mixed mode"/>
    <property name="java.version" value="11.0.13"/>
    <property name="java.vendor" value="Oracle Corporation"/>
    <property name="maven.home" value="C:\Program Files\apache-maven-3.8.4"/>
    <property name="file.separator" value="\"/>
    <property name="java.version.date" value="2021-10-19"/>
    <property name="java.vendor.url.bug" value="https://bugreport.java.com/bugreport/"/>
    <property name="sun.io.unicode.encoding" value="UnicodeLittle"/>
    <property name="sun.cpu.endian" value="little"/>
    <property name="java.vendor.version" value="18.9"/>
    <property name="sun.desktop" value="windows"/>
    <property name="sun.cpu.isalist" value="amd64"/>
  </properties>
  <testcase name="launchYouTube" classname="com.youtube.tests.YouTubeSearchTests" time="5.092"/>
  <testcase name="verifyYouTubeLogo" classname="com.youtube.tests.YouTubeSearchTests" time="0.459"/>
  <testcase name="verifyYouTubeAppsList" classname="com.youtube.tests.YouTubeSearchTests" time="5.425"/>
  <testcase name="searchTextAndVerifyInfiniteScrolling" classname="com.youtube.tests.YouTubeSearchTests" time="213.831">
    <failure message="Infinite Scrolling is not working. Initial Loaded videos count is same as Final Loaded videos count. Count=658" type="java.lang.AssertionError">java.lang.AssertionError: Infinite Scrolling is not working. Initial Loaded videos count is same as Final Loaded videos count. Count=658
	at com.youtube.tests.YouTubeSearchTests.searchTextAndVerifyInfiniteScrolling(YouTubeSearchTests.java:75)
</failure>
    <system-out><![CDATA[HOMEPAGE : Entered Search Text : bata drums
HOMEPAGE : Clicked on Search Button
Before Scroll Total Videos Count = 25
Scroll To Last Loaded Video(bottom element) is Performed
After Scroll Total Videos Count = 42
*****************************************
Before Scroll Total Videos Count = 42
Scroll To Last Loaded Video(bottom element) is Performed
After Scroll Total Videos Count = 59
*****************************************
Before Scroll Total Videos Count = 59
Scroll To Last Loaded Video(bottom element) is Performed
After Scroll Total Videos Count = 77
*****************************************
Before Scroll Total Videos Count = 77
Scroll To Last Loaded Video(bottom element) is Performed
After Scroll Total Videos Count = 96
*****************************************
Before Scroll Total Videos Count = 96
Scroll To Last Loaded Video(bottom element) is Performed
After Scroll Total Videos Count = 115
*****************************************
Before Scroll Total Videos Count = 115
Scroll To Last Loaded Video(bottom element) is Performed
After Scroll Total Videos Count = 133
*****************************************
Before Scroll Total Videos Count = 133
Scroll To Last Loaded Video(bottom element) is Performed
After Scroll Total Videos Count = 151
*****************************************
Before Scroll Total Videos Count = 151
Scroll To Last Loaded Video(bottom element) is Performed
After Scroll Total Videos Count = 171
*****************************************
Before Scroll Total Videos Count = 171
Scroll To Last Loaded Video(bottom element) is Performed
After Scroll Total Videos Count = 190
*****************************************
Before Scroll Total Videos Count = 190
Scroll To Last Loaded Video(bottom element) is Performed
After Scroll Total Videos Count = 208
*****************************************
Before Scroll Total Videos Count = 208
Scroll To Last Loaded Video(bottom element) is Performed
After Scroll Total Videos Count = 227
*****************************************
Before Scroll Total Videos Count = 227
Scroll To Last Loaded Video(bottom element) is Performed
After Scroll Total Videos Count = 246
*****************************************
Before Scroll Total Videos Count = 246
Scroll To Last Loaded Video(bottom element) is Performed
After Scroll Total Videos Count = 266
*****************************************
Before Scroll Total Videos Count = 266
Scroll To Last Loaded Video(bottom element) is Performed
After Scroll Total Videos Count = 285
*****************************************
Before Scroll Total Videos Count = 285
Scroll To Last Loaded Video(bottom element) is Performed
After Scroll Total Videos Count = 305
*****************************************
Before Scroll Total Videos Count = 305
Scroll To Last Loaded Video(bottom element) is Performed
After Scroll Total Videos Count = 324
*****************************************
Before Scroll Total Videos Count = 325
Scroll To Last Loaded Video(bottom element) is Performed
After Scroll Total Videos Count = 345
*****************************************
Before Scroll Total Videos Count = 345
Scroll To Last Loaded Video(bottom element) is Performed
After Scroll Total Videos Count = 361
*****************************************
Before Scroll Total Videos Count = 364
Scroll To Last Loaded Video(bottom element) is Performed
After Scroll Total Videos Count = 383
*****************************************
Before Scroll Total Videos Count = 385
Scroll To Last Loaded Video(bottom element) is Performed
After Scroll Total Videos Count = 403
*****************************************
Before Scroll Total Videos Count = 405
Scroll To Last Loaded Video(bottom element) is Performed
After Scroll Total Videos Count = 418
*****************************************
Before Scroll Total Videos Count = 421
Scroll To Last Loaded Video(bottom element) is Performed
After Scroll Total Videos Count = 440
*****************************************
Before Scroll Total Videos Count = 443
Scroll To Last Loaded Video(bottom element) is Performed
After Scroll Total Videos Count = 458
*****************************************
Before Scroll Total Videos Count = 461
Scroll To Last Loaded Video(bottom element) is Performed
After Scroll Total Videos Count = 476
*****************************************
Before Scroll Total Videos Count = 479
Scroll To Last Loaded Video(bottom element) is Performed
After Scroll Total Videos Count = 483
*****************************************
Before Scroll Total Videos Count = 483
Scroll To Last Loaded Video(bottom element) is Performed
After Scroll Total Videos Count = 498
*****************************************
Before Scroll Total Videos Count = 501
Scroll To Last Loaded Video(bottom element) is Performed
After Scroll Total Videos Count = 514
*****************************************
Before Scroll Total Videos Count = 517
Scroll To Last Loaded Video(bottom element) is Performed
After Scroll Total Videos Count = 522
*****************************************
Before Scroll Total Videos Count = 522
Scroll To Last Loaded Video(bottom element) is Performed
After Scroll Total Videos Count = 534
*****************************************
Before Scroll Total Videos Count = 537
Scroll To Last Loaded Video(bottom element) is Performed
After Scroll Total Videos Count = 542
*****************************************
Before Scroll Total Videos Count = 542
Scroll To Last Loaded Video(bottom element) is Performed
After Scroll Total Videos Count = 554
*****************************************
Before Scroll Total Videos Count = 557
Scroll To Last Loaded Video(bottom element) is Performed
After Scroll Total Videos Count = 562
*****************************************
Before Scroll Total Videos Count = 562
Scroll To Last Loaded Video(bottom element) is Performed
After Scroll Total Videos Count = 572
*****************************************
Before Scroll Total Videos Count = 575
Scroll To Last Loaded Video(bottom element) is Performed
After Scroll Total Videos Count = 582
*****************************************
Before Scroll Total Videos Count = 582
Scroll To Last Loaded Video(bottom element) is Performed
After Scroll Total Videos Count = 595
*****************************************
Before Scroll Total Videos Count = 598
Scroll To Last Loaded Video(bottom element) is Performed
After Scroll Total Videos Count = 601
*****************************************
Before Scroll Total Videos Count = 601
Scroll To Last Loaded Video(bottom element) is Performed
After Scroll Total Videos Count = 609
*****************************************
Before Scroll Total Videos Count = 612
Scroll To Last Loaded Video(bottom element) is Performed
After Scroll Total Videos Count = 617
*****************************************
Before Scroll Total Videos Count = 617
Scroll To Last Loaded Video(bottom element) is Performed
After Scroll Total Videos Count = 626
*****************************************
Before Scroll Total Videos Count = 628
Scroll To Last Loaded Video(bottom element) is Performed
After Scroll Total Videos Count = 632
*****************************************
Before Scroll Total Videos Count = 632
Scroll To Last Loaded Video(bottom element) is Performed
After Scroll Total Videos Count = 638
*****************************************
Before Scroll Total Videos Count = 641
Scroll To Last Loaded Video(bottom element) is Performed
After Scroll Total Videos Count = 646
*****************************************
Before Scroll Total Videos Count = 646
Scroll To Last Loaded Video(bottom element) is Performed
After Scroll Total Videos Count = 654
*****************************************
Before Scroll Total Videos Count = 657
Scroll To Last Loaded Video(bottom element) is Performed
After Scroll Total Videos Count = 658
*****************************************
Before Scroll Total Videos Count = 658
Scroll To Last Loaded Video(bottom element) is Performed
After Scroll Total Videos Count = 658
Infinity Page Scrolling is ENDED. Total Loaded Videos Count = 658
*****************************************
]]></system-out>
  </testcase>
</testsuite>