<?xml version="1.0" encoding="UTF-8"?>
<!-- Generated by org.testng.reporters.JUnitReportReporter -->
<testsuite hostname="CONDNADIL01" failures="0" tests="4" name="com.youtube.tests.YouTubeSearchTests" time="121.446" errors="0" timestamp="2022-01-23T23:38:46 PST" skipped="0">
  <testcase classname="com.youtube.tests.YouTubeSearchTests" name="launchYouTube" time="2.822"/>
  <system-out/>
  <testcase classname="com.youtube.tests.YouTubeSearchTests" name="verifyYouTubeLogo" time="0.069"/>
  <system-out/>
  <testcase classname="com.youtube.tests.YouTubeSearchTests" name="verifyYouTubeAppsList" time="4.228"/>
  <system-out/>
  <testcase classname="com.youtube.tests.YouTubeSearchTests" name="searchTextAndVerifyInfiniteScrolling" time="114.327"/>
  <system-out/>
</testsuite> <!-- com.youtube.tests.YouTubeSearchTests -->
