<?xml version="1.0" encoding="UTF-8"?>
<!-- Generated by org.testng.reporters.JUnitReportReporter -->
<testsuite hostname="DESKTOP-IRILRU3" failures="0" tests="4" name="com.youtube.tests.YouTubeSearchTests" time="211.907" errors="0" timestamp="2022-01-23T19:38:50 IST" skipped="0">
  <testcase classname="com.youtube.tests.YouTubeSearchTests" name="launchYouTube" time="5.124"/>
  <system-out/>
  <testcase classname="com.youtube.tests.YouTubeSearchTests" name="verifyYouTubeLogo" time="0.414"/>
  <system-out/>
  <testcase classname="com.youtube.tests.YouTubeSearchTests" name="verifyYouTubeAppsList" time="1.132"/>
  <system-out/>
  <testcase classname="com.youtube.tests.YouTubeSearchTests" name="searchTextAndVerifyInfiniteScrolling" time="205.237"/>
  <system-out/>
</testsuite> <!-- com.youtube.tests.YouTubeSearchTests -->
