<?xml version="1.0" encoding="UTF-8"?>
<!-- Generated by org.testng.reporters.JUnitReportReporter -->
<testsuite hostname="DESKTOP-IRILRU3" failures="0" tests="4" name="com.youtube.tests.YouTubeSearchTests" time="220.810" errors="0" timestamp="2022-01-24T00:09:38 IST" skipped="0">
  <testcase classname="com.youtube.tests.YouTubeSearchTests" name="launchYouTube" time="6.417"/>
  <system-out/>
  <testcase classname="com.youtube.tests.YouTubeSearchTests" name="verifyYouTubeLogo" time="0.400"/>
  <system-out/>
  <testcase classname="com.youtube.tests.YouTubeSearchTests" name="verifyYouTubeAppsList" time="5.285"/>
  <system-out/>
  <testcase classname="com.youtube.tests.YouTubeSearchTests" name="searchTextAndVerifyInfiniteScrolling" time="208.708"/>
  <system-out/>
</testsuite> <!-- com.youtube.tests.YouTubeSearchTests -->
